<?xml version="1.0" encoding="UTF-8"?>
<!-- Generated by org.testng.reporters.JUnitReportReporter -->
<testsuite skipped="0" hostname="DESKTOP-P4SHP1M" name="qaclickacademy.AppiumTest" tests="2" failures="0" timestamp="2020-04-27T01:42:05 EDT" time="0.012" errors="0">
  <testcase name="IOSApps" time="0.012" classname="qaclickacademy.AppiumTest"/>
  <system-out/>
  <testcase name="NativeApAndroid" time="0.000" classname="qaclickacademy.AppiumTest"/>
  <system-out/>
</testsuite> <!-- qaclickacademy.AppiumTest -->
